{"/Users/batarypa/Workspaces/components/trait-names/i18n.js":{"path":"/Users/batarypa/Workspaces/components/trait-names/i18n.js","s":{"1":1,"2":1,"3":1,"4":1,"5":1,"6":1,"7":2,"8":1,"9":2,"10":3,"11":3,"12":6,"13":6,"14":3,"15":3,"16":1,"17":1,"18":1},"b":{"1":[6,2],"2":[3,0]},"f":{"1":1,"2":1,"3":3,"4":3,"5":6,"6":3},"fnMap":{"1":{"name":"(anonymous_1)","line":23,"loc":{"start":{"line":23,"column":13},"end":{"line":23,"column":16}}},"2":{"name":"(anonymous_2)","line":29,"loc":{"start":{"line":29,"column":11},"end":{"line":29,"column":21}}},"3":{"name":"(anonymous_3)","line":38,"loc":{"start":{"line":38,"column":11},"end":{"line":38,"column":20}}},"4":{"name":"(anonymous_4)","line":42,"loc":{"start":{"line":42,"column":11},"end":{"line":42,"column":14}}},"5":{"name":"(anonymous_5)","line":46,"loc":{"start":{"line":46,"column":12},"end":{"line":46,"column":15}}},"6":{"name":"(anonymous_6)","line":51,"loc":{"start":{"line":51,"column":4},"end":{"line":51,"column":13}}}},"statementMap":{"1":{"start":{"line":20,"column":0},"end":{"line":20,"column":30}},"2":{"start":{"line":24,"column":4},"end":{"line":24,"column":27}},"3":{"start":{"line":25,"column":4},"end":{"line":25,"column":22}},"4":{"start":{"line":26,"column":4},"end":{"line":26,"column":21}},"5":{"start":{"line":30,"column":4},"end":{"line":30,"column":47}},"6":{"start":{"line":31,"column":4},"end":{"line":31,"column":79}},"7":{"start":{"line":31,"column":60},"end":{"line":31,"column":76}},"8":{"start":{"line":33,"column":4},"end":{"line":35,"column":7}},"9":{"start":{"line":34,"column":6},"end":{"line":34,"column":81}},"10":{"start":{"line":39,"column":4},"end":{"line":39,"column":25}},"11":{"start":{"line":43,"column":4},"end":{"line":43,"column":23}},"12":{"start":{"line":47,"column":4},"end":{"line":47,"column":65}},"13":{"start":{"line":48,"column":4},"end":{"line":48,"column":37}},"14":{"start":{"line":52,"column":4},"end":{"line":52,"column":36}},"15":{"start":{"line":53,"column":4},"end":{"line":53,"column":37}},"16":{"start":{"line":57,"column":0},"end":{"line":57,"column":28}},"17":{"start":{"line":59,"column":0},"end":{"line":66,"column":3}},"18":{"start":{"line":68,"column":0},"end":{"line":68,"column":28}}},"branchMap":{"1":{"line":47,"type":"binary-expr","locations":[{"start":{"line":47,"column":17},"end":{"line":47,"column":42}},{"start":{"line":47,"column":46},"end":{"line":47,"column":64}}]},"2":{"line":53,"type":"binary-expr","locations":[{"start":{"line":53,"column":11},"end":{"line":53,"column":26}},{"start":{"line":53,"column":30},"end":{"line":53,"column":36}}]}}}}