TN:
SF:/Users/batarypa/Workspaces/components/trait-names/i18n.js
FN:23,(anonymous_1)
FN:29,(anonymous_2)
FN:38,(anonymous_3)
FN:42,(anonymous_4)
FN:46,(anonymous_5)
FN:51,(anonymous_6)
FNF:6
FNH:6
FNDA:1,(anonymous_1)
FNDA:1,(anonymous_2)
FNDA:3,(anonymous_3)
FNDA:3,(anonymous_4)
FNDA:6,(anonymous_5)
FNDA:3,(anonymous_6)
DA:20,1
DA:24,1
DA:25,1
DA:26,1
DA:30,1
DA:31,2
DA:33,1
DA:34,2
DA:39,3
DA:43,3
DA:47,6
DA:48,6
DA:52,3
DA:53,3
DA:57,1
DA:59,1
DA:68,1
LF:17
LH:17
BRDA:47,1,0,6
BRDA:47,1,1,2
BRDA:53,2,0,3
BRDA:53,2,1,0
BRF:4
BRH:3
end_of_record
